Требуется библотека requests

import hashlib
h = hashlib.sha1()
h.update("abcd".encode())
h.digest()

TODO: IPv6

TODO: что делать, когда скачивание проваилилось(трекеры не отвечают). Надо сообщить об этом cui
Если вы хотите найти место куда пользовательские
данные можно положить, то appdirs модуль предоставляет
переносимый способ:

import appdirs   # $ pip install appdirs

user_data_dir = appdirs.user_data_dir("Название приложения",
                                        "Кто создал")

http://netall.ucoz.ru/publ/specifikacija_protokola_bittorrent_v_1_0_v_detaljakh_po_russki/1-1-0-25
http://www.bittorrent.org/beps/bep_0003.html

протокола BitTorrent v 1.0
http://www.bittorrent.org/beps/bep_0003.html
UDP tracker protocol
http://www.bittorrent.org/beps/bep_0015.html


Exception in thread Thread-3:
Traceback (most recent call last):
  File "C:\Users\1ё\AppData\Local\Programs\Python\Python36-32\lib\threading.py", line 916, in _bootstrap_inner
    self.run()
  File "C:\Users\1ё\Desktop\Света\Python\bittorrent\peer_connection.py", line 76, in run
    self._check_input_messages()
  File "C:\Users\1ё\Desktop\Света\Python\bittorrent\peer_connection.py", line 115, in _check_input_messages
    self.react[message_type](response)
  File "C:\Users\1ё\Desktop\Света\Python\bittorrent\peer_connection.py", line 188, in _react_piece
    self._allocator.save_piece(piece_index, self._storage, self)
  File "C:\Users\1ё\Desktop\Света\Python\bittorrent\pieces_allocator.py", line 107, in save_piece
    for other_peer in self._peers_pieces_info.keys():
RuntimeError: dictionary changed size during iteration



>>> add_torrent results\мумий трольь.torrent
!!!  No such file C:\Users\dns\PycharmProjects\bittorent_client\results\мумий тр
ольь.torrent
>>> add_torrent results\Мумий трольь.torrent
!!!  No such file C:\Users\dns\PycharmProjects\bittorent_client\results\Мумий тр
ольь.torrent
>>> add_torrent samples\Мумий трольь.torrent
!!!  No such file C:\Users\dns\PycharmProjects\bittorent_client\samples\Мумий тр
ольь.torrent
>>> add_torrent results\Мумий тролль.torrent
!!!  No such file C:\Users\dns\PycharmProjects\bittorent_client\results\Мумий тр
олль.torrent
>>> add_torrent samples\Мумий тролль.torrent
!!!  [Errno 2] No such file or directory: 'C:\\Users\\dns\\PycharmProjects\\bitt
orent_client\\logs\\bittorrent_client.Loader.1.log'
>>> add_torrent samples\Мумий тролль.torrent

Torrent was successfully added to the list of torrents with id 1.
To start downloading write command 'download [torrent_id]'.
To see list of all added torrents write command 'show_all'.
>>> Traceback (most recent call last):
  File "main.py", line 27, in start
    args = input(LINE_START).split()
EOFError

During handling of the above exception, another exception occurred:

Traceback (most recent call last):
  File "main.py", line 173, in <module>
    pass
  File "main.py", line 27, in start
    args = input(LINE_START).split()
KeyboardInterrupt

Тупая ситуация
"
2018-03-09 20:00:02,132    Thread-1411    bt.Loader.1.TrackerConnection.13.PeerConnection.1137    INFO
	   SAVED GOOD PIECE from '('31.180.218.28', 39529)'
2018-03-09 20:00:02,197    Thread-1415    bt.Loader.1.TrackerConnection.13.PeerConnection.1137.Receiver    WARNING
	   No message was received
2018-03-09 20:00:02,202    Thread-1415    bt.Loader.1.TrackerConnection.13.PeerConnection.1137.Receiver    CRITICAL
	   Receiver from peer closed
2018-03-09 20:00:02,207    Thread-1411    bt.Loader.1.TrackerConnection.13.PeerConnection.1137    CRITICAL
	   Connection with peer '('31.180.218.28', 39529)' was closed (receiver closed)
"

>>>
Exception in thread Thread-455:
Traceback (most recent call last):
  File "C:\Users\dns\AppData\Local\Programs\Python\Python35-32\lib\threading.py", line 914, in _bootstrap_inner
    self.run()
  File "C:\Users\dns\PycharmProjects\bittorent_client\peer.py", line 95, in run
    self._check_input_messages()
  File "C:\Users\dns\PycharmProjects\bittorent_client\peer.py", line 136, in _check_input_messages
    self.react[message_type](response)
  File "C:\Users\dns\PycharmProjects\bittorent_client\peer.py", line 232, in _react_piece
    self._allocator.save_piece(piece_index, self._storage, self)
  File "C:\Users\dns\PycharmProjects\bittorent_client\pieces_allocator.py", line 112, in save_piece
    for other_peer in self._peers_pieces_info.keys():
RuntimeError: dictionary changed size during iteration

>>>

Exception in thread Thread-1271:
Traceback (most recent call last):
  File "C:\Users\dns\AppData\Local\Programs\Python\Python35-32\lib\threading.py", line 914, in _bootstrap_inner
    self.run()
  File "C:\Users\dns\PycharmProjects\bittorent_client\peer.py", line 79, in run
    self._delete_peer_from_list()
  File "C:\Users\dns\PycharmProjects\bittorent_client\peer.py", line 74, in _delete_peer_from_list
    self.tracker.decrease_peers_count(self)
  File "C:\Users\dns\PycharmProjects\bittorent_client\tracker.py", line 325, in decrease_peers_count
    self.peers.remove(peer)
KeyError: <PeerConnection(Thread-1271, started 7408)>


Process finished with exit code 1

Exception in thread Thread-987:
Traceback (most recent call last):
  File "C:\Users\dns\AppData\Local\Programs\Python\Python35-32\lib\threading.py", line 914, in _bootstrap_inner
    self.run()
  File "C:\Users\dns\PycharmProjects\bittorent_client\peer.py", line 87, in run
    self._delete_peer_from_list()
  File "C:\Users\dns\PycharmProjects\bittorent_client\peer.py", line 75, in _delete_peer_from_list
    self._allocator.remove_peer(self)
  File "C:\Users\dns\PycharmProjects\bittorent_client\pieces_allocator.py", line 185, in remove_peer
    self._pieces[target].downloader = None
TypeError: list indices must be integers or slices, not NoneType

Exception in thread Thread-992:
Traceback (most recent call last):
  File "C:\Users\dns\AppData\Local\Programs\Python\Python35-32\lib\threading.py", line 914, in _bootstrap_inner
    self.run()
  File "C:\Users\dns\PycharmProjects\bittorent_client\peer.py", line 103, in run
    self._delete_peer_from_list()
  File "C:\Users\dns\PycharmProjects\bittorent_client\peer.py", line 75, in _delete_peer_from_list
    self._allocator.remove_peer(self)
  File "C:\Users\dns\PycharmProjects\bittorent_client\pieces_allocator.py", line 185, in remove_peer
    self._pieces[target].downloader = None
TypeError: list indices must be integers or slices, not NoneType



bytearray(b'\x04\x0fy\x15cK3\x0cs\xe9K\x80\xb0d\x00AI\x16\x89\xa2\r$\xc7\t`\x18\x16\x12\x81\x1aS\x05\x88ALB\x0cBP\x9aJ@+%\x86\x88\x7f\x87\x1b\xa7QH0\x00D9\\\xf0\x88\x01\x8bfD!@\x00')
b'\xf7\xbf\xff\xff\xff\xff\x7f\xf7\xff\xdf\xfe\xff\xff\xff\xff\xfd\xbf\xdf\xff\x7f\xff\xff\xff\xff\x9f\xff\xfd\xff\xff\xff\xff\xfb\xff\xf7\xfb\xff\xfd\xef\xff\xef\xff\xff\xff\xff\xf7\xff\xff\xff\xff\xf7\xbf\xff\xff\xff\xff\xff\xff\xfd\xff\xf7\xff\xff\xff\xff\xff\xe0'
bytearray(b'\x04\x0fy\x15cK3\x0cs\xe9K\x80\xb0d\x00AI\x16\x89\xa2\r$\xc7\t`\x18\x16\x12\x81\x1aS\x05\x88ALB\x0cBP\x9aJ@+%\x86\x88\x7f\x87\x1b\xa7QH0\x00D9\\\xf0\x88\x01\x8bfD!@\x00')
b'\xff\xff\xff\xdf\xff\xff\xff\xff\xff\xff\xff\xfd\xf7\xff\xef\xef\xff\xff\xff\xff\x7f\xff\xff\xff\xff\xff\xff\xcf\xff\xff\xff\xff\xff\xff\xbf\xff\xfe\xee\xde\xff\xff\xfb\x7f\xff\xff\xff\xfd\xff\xff\xfe\xff\xef\xff\xff\xff\xfd\xff\xff\xf7\xbd\xff\xff\xbf\xff\xff\xe0'
bytearray(b'\x04\x0fy\x15cK3\x0cs\xe9K\x80\xb0d\x00AI\x16\x89\xa2\r$\xc7\t`\x18\x16\x12\x81\x1aS\x05\x88ALB\x0cBP\x9aJ@+%\x86\x88\x7f\x87\x1b\xa7QH0\x00D9\\\xf0\x88\x01\x8bfD!@\x00')
b'\xf7\xff\xff\xdf\xff\xff\xffo\xfe\xff\xff\xff\xdf_\xff\xff\xf7\xff\xff\xf7\xff\xff\xff\xfd\xfd\xfd\xff\xfb\xff\xff\xfe\xff\xff\xef\xff\xff\xff\xff\xff\xfd\xff\xff\xff\xff\xff\xff\xff\xff\xff\xffk\xff\xff\xff\xff\xff\xfe\xfe\xff\xff\xff\xfb\xff\xef\xff\xe0'
bytearray(b'\x04\x0fy\x15cK3\x0cs\xe9K\x80\xb0d\x00AI\x16\x89\xa2\r$\xc7\t`\x18\x16\x12\x81\x1aS\x05\x88ALB\x0cBP\x9aJ@+%\x86\x88\x7f\x87\x1b\xa7QH0\x00D9\\\xf0\x88\x01\x8bfD!@\x00')
b'\xee\xff\xef\xff\xff\xff\xff\xff\xff\xff\xdf\xff\xff\xff\xff\xfb\xff\xff\xff\xff\xff\xff\xef\xff\xff\xfd\xff\xef\xff\xff\xfd\xff\xff\xff\xff\xff\xff\xff\xff\xff\xff\xbfw\xff\xdf\xdf\xfd\xdf\xff\xff\xf7\xff\x7f\xff\xdf\xff\x7f\xfb\xff\xff\xdf\xff\xff\xff\xbf\xa0'
bytearray(b'\x04\x0fy\x15cK3\x0cs\xe9K\x80\xb0d\x00AI\x16\x89\xa2\r$\xc7\t`\x18\x16\x12\x81\x1aS\x05\x88ALB\x0cBP\x9aJ@+%\x86\x88\x7f\x87\x1b\xa7QH0\x00D9\\\xf0\x88\x01\x8bfD!@\x00')
b'\xf7\xff\xff\xff\xff\x7f\xff\xff\xff\xef\xfe\xff\xff\xbf\xdf\xff\xff\xff\xff\xff\xff\xfd\xff\xff\x7f\xff\xf7\xff\xbf\xff\x7f\xff\xff\xff\xff\xff\xf3\xff\xff\xff\xbf\xff\xff\x7f\x7f\xff\xdf\xff\xdf\x7f\xff\xff\x7f\xff\xff\xff\xff\xff\xff\xfe\xff\xfd~\xff\xff\xe0'
bytearray(b'\x04\x0fy\x15cK3\x0cs\xe9K\x80\xb0d\x00AI\x16\x89\xa2\r$\xc7\t`\x18\x16\x13\x81\x1aS\x05\x88ALB\x0cBP\x9aJ@+%\x86\x88\x7f\x87\x1b\xa7QH0\x00D9\\\xf0\x88\x01\x8bfD!@\x00')
b'\xff\x7f\xff\xff\xfe\xff\xff\xff\xff\xff\xff\xfd\xef\xff\xfb\xfb\xfb\xff\xff\xff\xff\xfd\xff\xff\xf7\xff\xff\xff\x7f\xff\xff\xff\xfb\xdf\xff\xee\xff\xff\xfd\xff\xff\xff\xfe\xff\xff\xb7\xff\xff\xff\xff\xff\xff\xff\xeb\xff\xff\xff\xffO\xff\xff\xff\xff\xff\x7f\xe0'
bytearray(b'\x04\x0fy\x15cK3\x0cs\xe9K\x80\xb0d\x00AI\x16\x89\xa2\r$\xc7\t`\x18\x16\x13\x81\x1aS\x05\x88ALB\x0cBP\x9aJ@+%\x86\x88\x7f\x87\x1b\xa7QH0\x00D9\\\xf0\x88\x01\x8bfD!@\x00')
bytearray(b'\x04\x0fy\x15cK3\x0cs\xe9K\x80\xb0d\x00AI\x16\x89\xa2\r$\xc7\t`\x18\x16\x13\x81\x1aS\x05\x88ALB\x0cBP\x9aJ@+%\x86\x88\x7f\x87\x1b\xa7QH0\x00D9\\\xf0\x88\x01\x8bfD!@\x00')
b'\xdf\xff\xff\xff\xff|\xff\xff\xff\xff\xef\xfd\xff\xdf\xff\xff\xff\xfb\xff\xff\xff\xff\xfb\xff\xfd\xbf\xfd\xff\xff\xff\x9f\xff\xff\xff}\xff\xff\xfb\xff\xff\xff\xff\xdb\xff\xff\xbf\xff\xff\xfd\xff\xff\xfd\xff\xff\xff\xff\xff\xff\xff\xfd\xff\xff\xff\xbf\xff\xe0'
b'\xff\xff\xff\xfd\xff\xff\xff\xbf\xff\xff\xfe\xfb\xff\xff\xbf\xef\x7f\xff\xff\xff\xff\xff\xff\xff\xff}\xff\xff\xfe\xff\xff\xfd\xff\xff\xff\x7f\xff\xfd\x7f\xfd\xf7\xf7\xff\xfb\xff\xff\xff\xff\xff\xbf\xff\xff\xff\xef\xbf\xff\xbf\xff\xff\xff\xff\xdf\xff\xbf\xff\xe0'
bytearray(b'\x04\x0fy\x15cK3\x0cs\xe9K\x80\xb0d\x00AI\x16\x89\xa2\r$\xc7\t`\x18\x16\x13\x81\x1aS\x05\x88ALB\x0cBP\x9aJ@+%\x86\x88\x7f\x87\x1b\xa7QH0\x00D9\\\xf0\x88\x01\x8bfD!@\x00')
b'\xff\xff\xff\xfb\xff\xff\xeb\xff\xff\xff\xff\xff\xff\xff\x7f\xff\xff\xfe\xdf\xff\xff\xff\xff\xff\xff{\xaf\xff\xfb\xff\xff\xff\xff\xf7\xff\x7f\xff\xff\xfd\xfd\xfe\xfe\xff\x7f\xff\xff\xff\xbf\xff\xdd\xff\xff\xff\xff\xff\xff\xff\xff\xfe\xff\xff\xff\xf5\xff\xff\xe0'
bytearray(b'\x04\x0fy\x15cK3\x0cs\xe9K\x80\xb0d\x00AI\x16\x89\xa2\r$\xc7\t`\x18\x16\x13\x81\x1aS\x05\x88ALB\x0cBP\x9aJ@+%\x86\x88\x7f\x87\x1b\xa7QH0\x00D9\\\xf0\x88\x01\x8bfD!@\x00')
b'\xff\xff\xff\xff\xff\xfe\xff\xfd\xff\x7f\x7f\xff\xff\xfb\xbf\xdf\xff{\xff\xff\xff\xff\xff\xef\xff\xff\xff\xef\xff\xff\xff\xbf\xff\xff\xff\xff\xff\xfb\xff\xff\xfb\xff\xff\xff\xffs\xff\xdf\xfb\xff\xff\xff\xff\xff\xff\xff\xff\xff\xff\xff\xff\x7f\xff\xfd\xb7\xa0'
bytearray(b'\x04\x0fy\x15cK3\x0cs\xe9K\x80\xb0d\x00AI\x16\x89\xa2\r$\xc7\t`\x18\x16\x13\x81\x1aS\x05\x88ALB\x0cBP\x9aJ@+%\x86\x88\x7f\x87\x1b\xa7QH0\x00D9\\\xf0\x88\x01\x8bfD!@\x00')
b'\xff\xdf\xff\xff\xff\xff\xbf\xff\xff\xff\xff\xef\xef\xfd\xff\xff\xff\xff\xff\xff\xff\xfb\xff\xff\xbc\xef\xef\xff\xff\xff\xff\xfb\xff\xff\xf7\xfe\xff\xff\xfd\xff\xfe\xfe\xff\xbf\xff\xff\xff\x7f\xff\xff\xff\xfb\xff\xff\xbf\xff\x7f\xfd\xff\xff\xff\xff\xff\xfb\xff\xe0'
bytearray(b'\x04\x0fy\x15cK3\x0cs\xe9K\x80\xb0d\x00AI\x16\x89\xa2\r$\xc7\t`\x18\x16\x13\x81\x1aS\x05\x88ALB\x0cBP\x9aJ@+%\x86\x88\x7f\x87\x1b\xa7QH0\x00D9\\\xf0\x88\x01\x8bfD!@\x00')
b'\xff\xff\xff\xff\xdf\xef\xff\xff\xff\xff\xff\xbd\xff\xff\xff\xff\xff\xff\x7f\xff\xff\xff\xe7\xfe\xff\xff\xff\xfd\x7f\xff\xff\xff\xff\xff\xfd\x7f\xff\xff\xff\xff\xff\xbf\xff\xbf\xff\xff\xff\xff\xee\xbf\x7f\xff~\xff\xff\xff\xff\xff\xef\xfd\xf7\xdf\xff\xff\xff\xe0'
bytearray(b'\x04\x0fy\x15cK3\x0cs\xe9K\x80\xb0d\x00AI\x16\x89\xa2\r$\xc7\t`\x18\x16\x13\x81\x1aS\x05\x88ALB\x0cBP\x9aJ@+%\x86\x88\x7f\x87\x1b\xa7QH0\x00D9\\\xf0\x88\x01\x8bfD!@\x00')
b'\xfb\xff\xff\xff\xbf\xff\xf7\xff\xff\xfe\xf7\xff\xff\xbf\xff\xef\xf7\xff\xff\xff\xff\xff\xfd\xff\xff\xbd\xff\xff}\xff\xff\xff\xff\xfb\xff\xff\xff\xf7\xcf\xff\xff\xbf\xff\xff\xbf\xff\xff\xff\xff\xff\xff\xfd\xff\xff\xff\xff\xfd\xff\xff\xff\xff\xff\xef\xbf\xef\xe0'
bytearray(b'\x04\x0fy\x15cK3\x0cs\xe9K\x80\xb0d\x00AI\x16\x89\xa2\r$\xc7\t`\x18\x16\x13\x81\x1aS\x05\x88ALB\x0cBP\x9aJ@+%\x86\x88\x7f\x87\x1b\xa7QH0\x00D9\\\xf0\x88\x01\x8bfD!@\x00')
b'\xff\xbf\xff\xff\xff\x7f\xe9\xff\xff\xff\xff\x7f\xff\xff\xbe\xff\xff\xff\x7f\x7f\xfb\xff\xef\xff\xff\xff\xef\xff\xff\xfb\xff\xff\xff\x7f\xff\xff\xff\xff\xff\xfd\xff\xff\x7f\xdf\xff\xfe\xff\xff\xff\xff\xff\xff\xff\xfe\x7f\xff\xff\xff\xff\xff\xff\xbf\xff\xff\xfd\xc0'
bytearray(b'\x04\x0fy\x15cK3\x0cs\xe9K\x80\xb0d\x00AI\x16\x89\xa2\r$\xc7\t`\x18\x16\x13\x81\x1aS\x05\x88ALB\x0cBP\x9aJ@+%\x86\x88\x7f\x87\x1b\xa7QH0\x00D9\\\xf0\x88\x01\x8bfD!@\x00')
b'\xff\xff\xff\xff\xff\xff\xff\xff\xff\xfb\xfd\xff\xff\xff\xff\xf7\x7f\xff\xff\xff\xef\xff\xff\xfd\xff\xff\xf7\xff\xea\xdf\xff\xff\xff\xef\xff\xff\xff\xff\xff\xff\xff\xbf\x7f\xbf_\xff\xfe\xff\xf7\xff\xff\xff\xff\xef\xff\xfe\xff\xfb\xff\xf7\xff\xff\xfd\xff\xff\xe0'
bytearray(b'\x04\x0fy\x15cK3\x0cs\xe9K\x80\xb0d\x00AI\x16\x89\xa2\r$\xc7\t`\x18\x16\x13\x81\x1aS\x05\x88ALB\x0cBP\x9aJ@+%\x86\x88\x7f\x87\x1b\xa7QH0\x00D9\\\xf0\x88\x01\x8bfD!@\x00')
b'\xff\xff\xf7\xff\xff\xff\xef\xff\xff\xdf\xfb\xff\xff\xfe\xf7\xd7\xff\xff\xff\xff\xfb\xff\xff\xff\xff\xfe\xfe\xff\xf6\xff\xff\xdf\xff\xfe\xff\xff\xff\xff\xff\xff\xff\xfd\xff\xff\xf3\xff\xff\xff\xff\xfd\xdf\xff\xff\xfb\xff\xff\xff\xff\xff\xff\x7f\xffo\xff\xff\xe0'
bytearray(b'\x04\x0fy\x15cK3\x0cs\xe9K\x80\xb0d\x00AI\x16\x89\xa2\r$\xc7\t`\x18\x16\x13\x81\x1aS\x05\x88ALB\x0cBP\x9aJ@+%\x86\x88\x7f\x87\x1b\xa7QH0\x00D9\\\xf0\x88\x01\x8bfD!@\x00')
b'\xff\xff\xff\xff\xff\xff\xdf\xff\xff\xfb\xff\xff\xff\xef\xdd\xff\xdf\xdf\xff\x7f\xfb\x7f\xfe\xff\xff\xfe\xff\xfe\xff\xff\xff\xff\xff\xff\xff\xff\xf7\xff\xff\xff\xff\xdf\xdf\xff\xff\xff\xff\xdf\xcf\xfe\xff\xff\xff\xff\xbe\xbf\xff\xff\xff\xff\xff\xff\xff\xff\xef\xe0'
bytearray(b'\x04\x0fy\x15cK3\x0cs\xe9K\x80\xb0d\x00AI\x16\x89\xa2\r$\xc7\t`\x18\x16\x13\x81\x1aS\x05\x88ALB\x0cBP\x9aJ@+%\x86\x88\x7f\x87\x1b\xa7QH0\x00D9\\\xf0\x88\x01\x8bfD!@\x00')
b'\xbf\xff\xff\xdf\xfe\xff\xfe\xdf\xf7\xaf\xff\xff\xff\xff\xdf\xff\xff\xef\xef\xff\xff\x7f\xff\xff\xff\xdf\xff\xff\xff\xff\xff\xff\xff\x7f\xfe\xff\xff\xff\xbf\xfd\xff\xf7\xff\xff\xff\xff\xff\xff\xff\xfe\xff\xff\xff\xff\xff\xff\xdf\x7f\xff\xff\xd7\xff\xff\xff\xf7\xe0'
bytearray(b'\x04\x0fy\x15cK3\x0cs\xe9K\x80\xb0d\x00AI\x16\x89\xa2\r$\xc7\t`\x18\x16\x13\x81\x1aS\x05\x88ALB\x0cBP\x9aJ@+%\x86\x88\x7f\x87\x1b\xa7QH0\x00D9\\\xf0\x88\x01\x8bfD!@\x00')
b'\xff\xdf\xff\xff\xff\xff\xff\xf5\xff\xff\xfb\xdf\xff\xff\xff\xff\xbf\xff\xf7\xff\xff\xbf\xff\xff\x7f\xfb\xfd\xfe\xfd\xfd\xff\xff\xfe\xff\xf7\xff\xff\xff\xff\xff\xff\xff\xff\xff\x7f\xff\xff\xff\xef\xff\xf6\xff\xfb\xff\xff\xff\xff\xff\xff\xdf\xff\xff\xbf\xfb\xff\xe0'
bytearray(b'\x04\x0fy\x15cK3\x0cs\xe9K\x80\xb0d\x00AI\x16\x89\xa2\r$\xc7\t`\x18\x16\x13\x81\x1aS\x05\x88ALB\x0cBP\x9aJ@+%\x86\x88\x7f\x87\x1b\xa7QH0\x00D9\\\xf0\x88\x01\x8bfD!@\x00')
b'\xff\xdf\xdf\xff\xff\xef\xff\xff\xfb\x7f\xff\xfd\xff\xbf\xff\xff\xdf\xff\xff\xff\xdf\xff\xff\xff\xff\xfd\xff\xfe\xff\xff\xff\xff\xfd\xff\xff\xfd\xbf\xf7\xff\xff\xff\xfe\xff\xff\xff\xff\x7f\xfa\xff\xff\xff\xff\xff\xff\xff\xf9\xff\xff\xff\xf7\xff\xff\xff\xfe\xef\xe0'
bytearray(b'\x04\x0fy\x15cK3\x0cs\xe9K\x80\xb0d\x00AI\x16\x89\xa2\r$\xc7\t`\x18\x16\x13\x81\x1aS\x05\x88ALB\x0cBP\x9aJ@+%\x86\x88\x7f\x87\x1b\xa7QH0\x00D9\\\xf0\x88\x01\x8bfD!@\x00')
b'\xff\xff\xff\xff\xf7\xdf\xbf\xff\xff\xff\xff\xff\xff\xff\xfd\xff\xff\xff\xff\xff\xdf\xff\xff\xff\xfd\xfb\xef\xff\xff\xfd\xbf\xfb\xef\xff\xff\xff\xff\xff\xff\xff\xff\xff\xf7\xff\xfd\x7f\xff\xff\xfe\x7f\xdf\xff\xf7\xff\xef?\xff\xff\xff\xff\xbf\xff\xff\xff\x7f\xe0'
bytearray(b'\x04\x0fy\x15cK3\x0cs\xe9K\x80\xb0d\x00AI\x16\x89\xa2\r$\xc7\t`\x18\x16\x13\x81\x1aS\x05\x88ALB\x0cBP\x9aJ@+%\x86\x88\x7f\x87\x1b\xa7QH0\x00D9\\\xf0\x88\x01\x8bfD!@\x00')
b'\xff\xff\xff\xff\xff\xff\xff\xfd\xff\xff\xff\xdf\xef\xf7\xe7\xdf\xff\xff\xdf\xff\xff\xff\xff\xff\xff\xff\xff\xff\xef\xff\xfd\xff\xff\xff\xff\xff\xff\xff\xff\xbf\xff\xe2\xff\xbf\xff\xff\xff\xff\xfe\xff\xff\xff\xff\xfb\xff\xfd\xff~\xfd\xfe\xfd\xff\xff\xff\xff\xe0'
bytearray(b'\x04\x0fy\x15cK3\x0cs\xe9K\x80\xb0d\x00AI\x16\x89\xa2\r$\xc7\t`\x18\x16\x13\x81\x1aS\x05\x88ALB\x0cBP\x9aJ@+%\x86\x88\x7f\x87\x1b\xa7QH0\x00D9\\\xf0\x88\x01\x8bfD!@\x00')
b'\xdf\xff\xff\xff\xff\xff\xff\xff\xfd\xff\xff\xff\xff\xff\x7f\xff\xdf\xff\xff\xfb\xff\xff\xef\xfb\xfe\xfe\xbd\xff\xff\xff\xfe\xff\xff\xff\xfb\xff\xff\xff\xff\xff\xfb\xff\xff\xfd\xff\xfd\xff\xef\xff\xff\xff\xff\xf7\xff\xff\xff\xff\xff\xff\x9f\xff\xcb\xfd\xff\xff\xe0'
bytearray(b'\x04\x0fy\x15cK3\x0cs\xe9K\x80\xb0d\x00AI\x16\x89\xa2\r$\xc7\t`\x18\x16\x13\x81\x1aS\x05\x88ALB\x0cBP\x9aJ@+%\x86\x88\x7f\x87\x1b\xa7QH0\x00D9\\\xf0\x88\x01\x8bfD!@\x00')
bytearray(b'\x04\x0fy\x15cK3\x0cs\xe9K\x80\xb0d\x00AI\x16\x89\xa2\r$\xc7\t`\x18\x16\x13\x81\x1aS\x05\x88ALB\x0cBP\x9aJ@+%\x86\x88\x7f\x87\x1b\xa7QH0\x00D9\\\xf0\x88\x01\x8bfD!@\x00')
b'\xff\xff\xff\xff\xff\xff\x7f\xff\xdf\xff\x7f\xfd\xff\xff\xff\xff\xff\xff\xff\xff\xff\xff\xff\xff\xff\xf7\xeb\xff\xf7\xfe\xff\xff\xff\xff\xdb\xef\xfd\xff\xf7\xff\xff\xff\xbf\xef\xff\xff\xff\xff\x7f\xfe\xff\xff\xdf\x7f\xfb\xff\xff\xff\x7f\xdf\xff\xff\xff\xff\xff\xa0'
b'\xfd\x7f\xff\xdb\xff\xff\xff\xff\xf6\xff\xff\xff\xff\xff\xff\xfb\xff\xfe\xff\xbf\xfd\xfe\xff\xff\xbf\xff\xbf\xff\xff\xff\xff\xff\xff\xef\xff\xff\xfd\xff\xff\xff\xff\xfa\xbf\xff\xff\xff\x7f\xff\xff\xff\xff\x7f\xff\xff\xff\xff\xff\xfb\xff\xdf\xff\xbf\xff\xff\xfd\xe0'
bytearray(b'\x04\x0fy\x15cK3\x0cs\xe9K\x80\xb0d\x00AI\x16\x89\xa2\r$\xc7\t`\x18\x16\x13\x81\x1aS\x05\x88ALB\x0cBP\x9aJ@+%\x86\x88\x7f\x87\x1b\xa7QH0\x00D9\\\xf0\x88\x01\x8bfD!@\x00')
b'\xfb\xff\xff\xff\xdf\xff\xdf\xff\xff\xff\xef\xff\xff\xaf\xef\xf7\xff\xff\xef\xef\xff\xfb\x7f\xfe\xff\xfb\xff\xff\xf7\xff\xff\xff\xff\xff\xfd\xdf\xff\xdf\xff\xff\xff\xdf\xff\xff\xff\xff\xff\xf7\xff\xfe\xff\xf7\xff\xfb\xff\xff\xff\xff\xff\xff\xff\xff\xff\xdf\xff\xe0'
bytearray(b'\x04\x0fy\x15cK3\x0cs\xe9K\x80\xb0d\x00AI\x16\x89\xa2\r$\xc7\t`\x18\x16\x13\x81\x1aS\x05\x88ALB\x0cBP\x9aJ@+%\x86\x88\x7f\x87\x1b\xa7QH0\x00D9\\\xf0\x88\x01\x8bfD!@\x00')
b'\xff\xff\xff\x7f\xf7\xff\xff\xff\xf7\xff\xff\xff\xef\xff\xff\xff\xff\x7f\xfb\xffm\xf5\xff\xff\xff\xef\xff\xff\xff\xff\xff\xff\x7f\xff\xff\xff\xff\xff\xbf\xe7\xfe\xff\xff\xff\xff\xf7\xef\xff\xdf\xff\xdf\xff\xff\xfe\xff\xff\xff\xdf\xff\xff\xff\xff\xff\xff\xff`'
bytearray(b'\x04\x0fy\x15cK3\x0cs\xe9K\x80\xb0d\x00AI\x16\x89\xa2\r$\xc7\t`\x18\x16\x13\x81\x1aS\x05\x88ALB\x0cBP\x9aJ@+%\x86\x88\x7f\x87\x1b\xa7QH0\x00D9\\\xf0\x88\x01\x8bfD!@\x00')
b'\xf7\xbf\xff\xff\xfe\xff\xff\xff\xff\xf7\xff\xfb\xff\xff\xff\xff\xff\xfb\xbb\xff\x7f\xff\xef\xfd\xff\xfe\xff\xff\xdf\xf7\xff\xeb\xbf\xff\xff\x7f\xff\xff\xfb\xff\xff\xff\xff\xff\xff\xff\xd7\xff\xdf\xff\xff\xff\xff\xf7\xff\xff\xff\xdf\xff\xff\xff\xff\xff\xff\xff\xe0'
bytearray(b'\x04\x0fy\x15cK3\x0cs\xe9K\x80\xb0d\x00AI\x16\x89\xa2\r$\xc7\t`\x18\x16\x13\x81\x1aS\x05\x88ALB\x0cBP\x9aJ@+%\x86\x88\x7f\x87\x1b\xa7QH0\x00D9\\\xf0\x88\x01\x8bfD!@\x00')
b'\xf7\xff\xff\xdd\xdf\xbf\xbf\xef\xff\xff\xff\xff\xff\xfe\xff\xff\xff\xff\xff\xff\xfb\xff\xff\xef\xff\xbf\xff\xff\xff\xfd\xff\xff\xff\xdf\xff\xff\xff\xdf\xef\xff\x7f\xfb\xff\xff\xff\xff\xff\xf7\xff\xff\xff\xfd\xff\xff\x7f\xff\xff\xff\xff\xf3\xfb\xff\xff\xbf\xff\xe0'
bytearray(b'\x04\x0fy\x15cK3\x0cs\xe9K\x80\xb0d\x00AI\x16\x89\xa2\r$\xc7\t`\x18\x16\x13\x81\x1aS\x05\x88ALB\x0cBP\x9aJ@+%\x86\x88\x7f\x87\x1b\xa7QH0\x00D9\\\xf0\x88\x01\x8bfD!@\x00')
b'\xff\xef\xbf\xff\xff\xff\x7f\xff\xfb\xef\xff\xff\xef\xff\xff\xff\x7f\xff\xff\xff\xff\xff\xff\xff\xfb\xff\xff\xff\xff\xff\xff\xff\xf7\xb7\xff\xbf\xff\xff\xff\xff\xdf\xff\xef\xfd\xff\xff\xff\x7f\xff\xff\xff\xff\xff\xfd\xeb\xdf\xff\xff\xff\xff??\xff\xff\xff\xe0'
bytearray(b'\x04\x0fy\x15cK3\x0cs\xe9K\x80\xb0d\x00AI\x16\x89\xa2\r$\xc7\t`\x18\x16\x13\x81\x1aS\x05\x88ALB\x0cBP\x9aJ@+%\x86\x88\x7f\x87\x1b\xa7QH0\x00D9\\\xf0\x88\x01\x8bfD!@\x00')
bytearray(b'\x04\x0fy\x15cK3\x0cs\xe9K\x80\xb0d\x00AI\x16\x89\xa2\r$\xc7\t`\x18\x16\x13\x81\x1aS\x05\x88ALB\x0cBP\x9aJ@+%\x86\x88\x7f\x87\x1b\xa7QH0\x00D9\\\xf0\x88\x01\x8bfD!@\x00')
b'\xef\x7f\xb3\xff?\xbf\xff\xff\xff\xff\xef\xff\xff{\xff{\xff\xff\xff\xdf\xff\xff\xfd\xff\xff\xff\xff\xff\xfb\x7f\xff\xef\xfe\xff\xff\xff\xff\xff\xff\xff\xff\xff\xff\xff\xff\xff\xff\x7f\xff\xff\xff\xff\xdf\xff\xff\x7f\xff\xff\xdf\xff\xff\xfb\xff\xff\xff\xe0'
b'\x7f\xff\xff\xff\xff\xbf\xfd\xff\xf7\xef\xfb\xff\xff\xff\xfd\xff\xff\xff\xff\xff\xff\xffw\xfb\xef\xfd\xef\xff\xff\xbf\xdf\xff\xff\xff\xff\xff\xff\xfb\xff\xff\xff\xdf\xff\xff\xff\x7f\xff\xff\xf7\x7f\xff\xff\xff\xff\xe7\xff\xff\xff\xfe\xff\xff\xff\xff\xff\xef\xe0'
bytearray(b'\x04\x0fy\x15cK3\x0cs\xe9K\x80\xb0d\x00AI\x16\x89\xa2\r$\xc7\t`\x18\x16\x13\x81\x1aS\x05\x88ALB\x0cBP\x9aJ@+%\x86\x88\x7f\x87\x1b\xa7QH0\x00D9\\\xf0\x88\x01\x8bfD!@\x00')
b'\x7f\xff\x7f\xff\xef\xf7\xff\xff\xff\xff\xff\x7f\xff\xf7\xff\xbf\xff\xff\xfe\xff\xff\xff\xff\xf7\xff\xff\x7f\xfb\xff\xff\xfe\xff\xff\xff\xff\xff\xff\xfe\xff\xff\xff\xf7\xff\xff\xfe\xbf\xff\xff\x7f\xef\xff\xff\xff\xfb\xff\xfd\xbf\xfd\xff\xff\xff\xff\xff\xef\xfb\xe0'
bytearray(b'\x04\x0fy\x15cK3\x0cs\xe9K\x80\xb0d\x00AI\x16\x89\xa2\r$\xc7\t`\x18\x16\x13\x81\x1aS\x05\x88ALB\x0cBP\x9aJ@+%\x86\x88\x7f\x87\x1b\xa7QH0\x00D9\\\xf0\x88\x01\x8bfD!@\x00')
b'\xff\xff\xff\xff\xff\xef\xff\xff\xff\xff\xff\xff\xef\xbf\xf5\xff\xff\xfb\xff\xff\xff\xfd\xfd\xff\xff\xdd\xff\xff\xfd\xff\xdb\xff\xff\xff\xbf\xff\xf7\xff\xff\x7f\xdd\xff\xbf\xff\xff\xff\xff\xbf\xf7\xff\xff\xff\xff\xbf\xff\xff\xff\xff\xfe\x7f\xff\xff\xff\xff\xff\xe0'
bytearray(b'\x04\x0fy\x15cK3\x0cs\xe9K\x80\xb0d\x00AI\x16\x89\xa2\r$\xc7\t`\x18\x16\x13\x81\x1aS\x05\x88ALB\x0cBP\x9aJ@+%\x86\x88\x7f\x87\x1b\xa7QH0\x00D9\\\xf0\x88\x01\x8bfD!@\x00')
b'\x7f\xdf\xbf\xff\xfb\xff\xff\xff\xff\xff\xff\xff\xff\xff\xff\xff\xfd\x9d\xbf\xff\xdf\xef\xff\xff\xfb\xff\xfe\xff\xbf\xdf\xfb\xff\xff\xff\xff\xff\xff\xff\xff\xff\xdf\xff\xff\xff\xff\xff\xbf\xff\xff\xff\xff\xfb\xff\xdf\xff\xff\xff\xdf\xff\xff\xff\xdf\x7f\xbf\xff\xe0'
bytearray(b'\x04\x0fy\x15cK3\x0cs\xe9K\x80\xb0d\x00AI\x16\x89\xa2\r$\xc7\t`\x18\x16\x13\x81\x1aS\x05\x88ALB\x0cBP\x9aJ@+%\x86\x88\x7f\x87\x1b\xa7QH0\x00D9\\\xf0\x88\x01\x8bfD!@\x00')
b'\xff\xff\xff\xff\xff\xff\xff\xff\xff\xff\xff\xff\xff\xff\xff\xff\xff\xf9\xff\xf7\xff\xff\xf7\xff\xff\xff\xff\xff\xff\xff\xff\x7f\xff\xf7\xff\xff\xff\xff\x7f\xfb\xff\xff\xfb\xff\xff\xff\xff\x7f\xff\xff\xf3\xff\xfb\xfb\xbf\xff\xce\xff\xff\xff\xfd\xfb\xf7\xe7\x7f\xe0'
bytearray(b'\x04\x0fy\x15cK3\x0cs\xe9K\x80\xb0d\x00AI\x16\x89\xa2\r$\xc7\t`\x18\x16\x13\x81\x1aS\x05\x88ALB\x0cBP\x9aJ@+%\x86\x88\x7f\x87\x1b\xa7QH0\x00D9\\\xf0\x88\x01\x8bfD!@\x00')
b'\xff\xbf\xfd\xfd\xef\xff\xff\xff\xff\xff\xff\xfd\xff\xff\xfd\xff\xff\xef\xff\xff\xf7\xff\xff\xfe\xff\xff\xff\x7f\xff\xff\xff\x7f\xff\xff\xff\xff\xdf\xff\xff\xff\xff\xdf\xff\xbf\xff\xff\xfd\xe7\xff\xff\xff\xff\xf3\xff\xdf\x9f\x7f\xff\xff\xff\xff\xff\xfe\xff\xff\xe0'
bytearray(b'\x04\x0fy\x15cK3\x0cs\xe9K\x80\xb0d\x00AI\x16\x89\xa2\r$\xc7\t`\x18\x16\x13\x81\x1aS\x05\x88ALB\x0cBP\x9aJ@+%\x86\x88\x7f\x87\x1b\xa7QH0\x00D9\\\xf0\x88\x01\x8bfD!@\x00')
b'\xff\xf7\xff\xff\xff\xff\xff\xfe\xfd\xfb\xd7\xff\xff\xff\xff\xff\xbf\xff\xff\xbf\xff\xff\xff\xff\xff\xff\xdd\xfb\xff\xff\xbf\xff\xff\xff\xff\xff\xff\xff\xff\xff\xf7\xff\xfd\xff\xff\xff\x7f\xbf\xff\xfb\xff\xf3\xff\xfb\xff\xff\xff\xfd\xff\xff\xff\xff\xbf\xff\xbb\xe0'
bytearray(b'\x04\x0fy\x15cK3\x0cs\xe9K\x80\xb0d\x00AI\x16\x89\xa2\r$\xc7\t`\x18\x16\x13\x81\x1aS\x05\x88ALB\x0cBP\x9aJ@+%\x86\x88\x7f\x87\x1b\xa7QH0\x00D9\\\xf0\x88\x01\x8bfD!@\x00')
b'\xef\xff\xff\xff\xff\xfb\xff\xff\xef\xff?\xff\xdf\xff\xff\xff_\xff\xff\xef\xf7\xba\x7f\xff\xff\xff\xff\xfd\xfe\xff\xff\xff\xdf\xff\xff\xff\xff\xff\xfe\xff\xbf\xff\xf7\xff\xff\xff\xff\xff\xff\xfd\xff\xff\xff\xff\xff\xff\xff\xff\xf7\xff\xf3\xff\xff\xff\xff\xe0'
bytearray(b'\x04\x0fy\x15cK3\x0cs\xe9K\x80\xb0d\x00AI\x16\x89\xa2\r$\xc7\t`\x18\x16\x13\x81\x1aS\x05\x88ALB\x0cBP\x9aJ@+%\x86\x88\x7f\x87\x1b\xa7QH0\x00D9\\\xf0\x88\x01\x8bfD!@\x00')
b'\xff\xff\xff\xf6\xdf\xff\xef\x7f\xfe\xff\xef\xff\xff\xff\xff\xff\xff\xff\xff\xfb\xff\xef\xff\xfd\xdf\xff\xff\xff\xff\xff\xff\xff\xff\xdf\xfd\xff\xf7\xbf\xdf\xbd\xff\xfd\xff\xff\xff\xff\xff\xef\xff\xfd\xff\xff\xff\xff\xff\xff\xfb\xff\xff\xff\xff\xf7\xff\xef\xff\xe0'
bytearray(b'\x04\x0fy\x15cK3\x0cs\xe9K\x80\xb0d\x00AI\x16\x89\xa2\r$\xc7\t`\x18\x16\x13\x81\x1aS\x05\x88ALB\x0cBP\x9aJ@+%\x86\x88\x7f\x87\x1b\xa7QH0\x00D9\\\xf0\x88\x01\x8bfD!@\x00')
b'\xff\xff\xef\xff\xff\xff\xff\xff\xff\xeb\xff\xff\xff\xdf\xbf\xff\xff\xff~\xfb\xff\xff\xfe\xff\xff\xff\xfd\xfb\xff\xff\xff\xff\xff\xdf\xff\xff\xff\xff\xff\xff\xff~\xff\xfe\xff\xdf\xff\xff\xff\xff\xff\xff\xff\xbf\xff\xff\xfe\xf6\xff\xff\xbf\xff\xff\xed\xfd\xe0'
bytearray(b'\x04\x0fy\x15cK3\x0cs\xe9K\x80\xb0d\x00AI\x16\x89\xa2\r$\xc7\t`\x18\x16\x13\x81\x1aS\x05\x88ALB\x0cBP\x9aJ@+%\x86\x88\x7f\x87\x1b\xa7QH0\x00D9\\\xf0\x88\x01\x8bfD!@\x00')
b'\xffo\xff\xff\xfd\xbf\xff\xdf\xff\xff\xff\xffo\xff\xff\xff\xff\xff\xff\xff\xff\xff\xff\xff\xbf\xbf\xfe\xef\xff\xff\x7f\xff\xff\xff\xff\xff\xff\xff\xff\xfd\xff\xff\xff\xff\xff\xfe\xff\xff\xff\xff\x7f\xff\xff\xff7\xff\xbf\xf7\xff\xfb\xff\xff\xfb\xff\xbe\xe0'
bytearray(b'\x04\x0fy\x15cK3\x0cs\xe9K\x80\xb0d\x00AI\x16\x89\xa2\r$\xc7\t`\x18\x16\x13\x81\x1aS\x05\x88ALB\x0cBP\x9aJ@+%\x86\x88\x7f\x87\x1b\xa7QH0\x00D9\\\xf0\x88\x01\x8bfD!@\x00')
b'\xff\xff\xff\xef\xff\xff\xff\xff\xff\xff\xff\xbf\xff\xaf\xff\xff\xbf\xff\xff\xff\xff\xff\xff\xef\xff\xff\xff\xff\xaf\xf7\xff\xff\xbf\xff\xff\xff\xff\xff\xdf\xfb\xff\xff\xff\xff?\x7f\xdf\xff\xff\xff\xff\xff\xff_\xff\xc7\xff\xff\xff\xff\xff\xbf\xff\xf7\x7f\xe0'
bytearray(b'\x04\x0fy\x15cK3\x0cs\xe9K\x80\xb0d\x00AI\x16\x89\xa2\r$\xc7\t`\x18\x16\x13\x81\x1aS\x05\x88ALB\x0cBP\x9aJ@+%\x86\x88\x7f\x87\x1b\xa7QH0\x00D9\\\xf0\x88\x01\x8bfD!@\x00')
b'\xff\xaf\xff\xff\xff\xff\xff\xff\xff\xff\xff\xff\xff\xff}\xef\x7f\xf7\xfd\xff\xff\xff\xff\xff\xff\xff\xff\xfe\xff\xe7{\xff\xfd\xfb\xff\xff\xff\xff\xdf\xff\xff\xfd\xff\xff\xff\xff\xff\xff\xff\xfe\xff\x7f\xfe\xfb\xff\xff\xff\xfd\xff\xbf\xff\xff\xff\xff\xfb\xe0'
bytearray(b'\x04\x0fy\x15cK3\x0cs\xe9K\x80\xb0d\x00AI\x16\x89\xa2\r$\xc7\t`\x18\x16\x13\x81\x1aS\x05\x88ALB\x0cBP\x9aJ@+%\x86\x88\x7f\x87\x1b\xa7QH0\x00D9\\\xf0\x88\x01\x8bfD!@\x00')
b'\xff\xff\xff\xff\xff\xff\xff\xff\xff\xdf\xff\xf7\xfd\xcf\xff\xff\xfe\xef\xff\xff\xff\xff\x7f\xf6\xff\xdf\xdf\xff\xfe\xff\xff\xff\xbf\xff\xff\xff\xff\xbf\xff\xff\xff\xff\xff\xff\xff\xff\x7f}\xff\xb7\xff\xf7\xff\xfb\xff\xff\xff\xff\xff\xff\xff\xff\xff\x7f\xff`'
bytearray(b'\x04\x0fy\x15cK3\x0cs\xe9K\x80\xb0d\x00AI\x16\x89\xa2\r$\xc7\t`\x18\x16\x13\x81\x1aS\x05\x88ALB\x0cBP\x9aJ@+%\x86\x88\x7f\x87\x1b\xa7QH0\x00D9\\\xf0\x88\x01\x8bfD!@\x00')
b'\xff\xff\xff\xff\xff\xff\xfd\xff\xff\xff\xff\xf7\xff\xff\xff\xef\xbf\xff\xff\xf7\xf7\xff\xff\xff\xff\xff\xdf\xff\xef\xff\xff\xff\xff\xff\xfd\xdd\xff{\xff\xff\xff\xff\xff\xfb\xf3\xef\xff\xff\xff\xbf\xff\xff\xff\xbf\xff\xff\xff\xffw\xff\xef\xbf\xff\xfe\xff\xe0'
bytearray(b'\x04\x0fy\x15cK3\x0cs\xe9K\x80\xb0d\x00AI\x16\x89\xa2\r$\xc7\t`\x18\x16\x13\x81\x1aS\x05\x88ALB\x0cBP\x9aJ@+%\x86\x88\x7f\x87\x1b\xa7QH0\x00D9\\\xf0\x88\x01\x8bfD!@\x00')
b'\xfd\xff\xff\xff\xfe\xff\xff\x7f\xff\xff\xdf\xff\xff\xf7\xff\xff\xff\xff\xff\xfe\xfe\xff\xbf\xff\xfb\xff\xff\xf9\xff\xfe\xff\xff\xff\xff\xff\xff\xff\xfd\xff\xd9\xfe\xfe\xff\xff\xff\xfa\xff\xf7\xef\xff\xff\xff\xff\xff\xff\xff\xff\xff\xff\x7f\xff\xff\xfe\xff\xff\xe0'

Process finished with exit code 1
